ISim log file
Running: /auto/d/diallo/Cours/3A/A14/A14-2/project/dev/vhdl/test_bench_isim_beh.exe -intstyle ise -gui -tclbatch isim.cmd -wdb /auto/d/diallo/Cours/3A/A14/A14-2/project/dev/vhdl/test_bench_isim_beh.wdb 
ISim P.68d (signature 0xfbc00daa)
----------------------------------------------------------------------
INFO:Security:61 - The XILINXD_LICENSE_FILE environment variable is not set.
INFO:Security:63 - The LM_LICENSE_FILE environment variable is not set.
INFO:Security:68 - For more information or for assistance in obtaining 
 a license, please run the Xilinx License Configuration Manager
       (xlcm or "Manage Xilinx Licenses".)
INFO:Security:68a - user is diallo, on host unknown.
ERROR:Security:13 - A feature for ISIM was found but is expired.
ERROR:Security:14 - No feature was available for 'ISIM'.

Feature has expired.
Feature:       ISIM
Expire date:   11-oct-2014
License path:  /home/d/diallo/.Xilinx/Xilinx.lic:/home/d/diallo/.Xilinx/Xlinx.lic:/auto/appy/ensta/pack/xilinx/14.6/ISE_DS/ISE//data/*.lic:/auto/appy/ensta/pack/xilinx/14.6/ISE_DS/ISE//coregen/core_licenses/Xilinx.lic:/auto/appy/ensta/pack/xilinx/14.6/ISE_DS/ISE//coregen/core_licenses/XilinxFree.lic:/auto/appy/ensta/pack/xilinx/14.6/ISE_DS/EDK/data/core_licenses/Xilinx.lic:@localhost:
FLEXnet Licensing error:-10,32
For further information, refer to the FLEXnet Licensing documentation,
available at "www.flexerasoftware.com".
----------------------------------------------------------------------
WARNING: A full ISim License cannot be checked out due to the issues listed above. Please use Xilinx License Configuration Manager to fix these issues in order to check out a full ISim license.
WARNING: ISim will run in Lite mode. Please refer to the ISim documentation for more information on the differences between the Lite and the Full version.
This is a Lite version of ISim.
Time resolution is 1 ps
# onerror resume
# wave add /
# run 1000 ns
Simulator is doing circuit initialization process.
Finished circuit initialization process.
# exit 0
